[2025-09-19--14-55-17 INFO actix_server::builder] starting 5 workers
[2025-09-19--14-55-17 INFO actix_server::server] Tokio runtime found; starting in existing Tokio runtime
[2025-09-19--14-55-17 INFO actix_server::server] starting service: "actix-web-service-127.0.0.1:18488", workers: 5, listening on: 127.0.0.1:18488
[2025-09-19--14-55-18 INFO parity_ws] Listening for new connections on 127.0.0.1:8900.
[2025-09-19--14-55-20 INFO txtx::svm::deploy_program] Failure Recovery Info - An ephemeral authority account will be created and funded to write to the buffer account.
[2025-09-19--14-55-20 INFO txtx::svm::deploy_program] Failure Recovery Info - Please save the following information in case the deployment fails and the account needs to be recovered:
[2025-09-19--14-55-20 INFO txtx::svm::deploy_program] Failure Recovery Info - Ephemeral authority public key: Go5bdXy9azbeavmZ5d8MxDJbKKGBooqkkh9rzusqAScw
[2025-09-19--14-55-20 INFO txtx::svm::deploy_program] Failure Recovery Info - Ephemeral authority secret key: 5F5rGeDLriqekLKqocbndtNh5mm4Le9BnHd7XyJQ6GDYkCfdYDU7HJaTrd8Kkf35irTTFbsRE4UXAnfxLY7EbpTq
[2025-09-19--14-55-21 INFO txtx::svm::deploy_program] Account Created - Ephemeral authority account created and funded to write to buffer
[2025-09-19--14-55-21 INFO txtx::svm::deploy_program] Failure Recovery Info - Creating program buffer account at pubkey EJqXoWyBtDxb4CsbJM5xz97aRWuqywa71QGx12xKj8HE
[2025-09-19--14-55-21 INFO txtx::svm::deploy_program] Account Created - Program buffer account created
[2025-09-19--14-55-35 INFO txtx::svm::deploy_program] Buffer Ready - Writing to buffer account is complete
[2025-09-19--14-55-37 INFO txtx::svm::deploy_program] Program Created - Program 4B8DqP2mGWscbgfQKcsnZPG6jtYuXs7YFY9Sg4KWi3XV has been deployed
[2025-09-19--14-55-38 INFO txtx::svm::deploy_program] Complete - Ephemeral authority account closed and leftover funds returned to payer
[2025-09-19--15-09-50 INFO actix_server::accept] accept thread stopped
[2025-09-19--15-09-50 INFO actix_server::worker] shutting down idle worker
[2025-09-19--15-09-50 INFO actix_server::worker] shutting down idle worker
[2025-09-19--15-09-50 INFO actix_server::worker] shutting down idle worker
[2025-09-19--15-09-50 INFO actix_server::worker] shutting down idle worker
[2025-09-19--15-09-50 INFO actix_server::worker] shutting down idle worker
